<?xml version="1.0" encoding="UTF-8"?>
<testng-results ignored="0" total="1" passed="1" failed="0" skipped="0">
  <reporter-output>
  </reporter-output>
  <suite started-at="2023-10-11T11:44:04 IST" name="Sign-in flow" finished-at="2023-10-11T11:44:50 IST" duration-ms="45895">
    <groups>
    </groups>
    <test started-at="2023-10-11T11:44:04 IST" name="Test" finished-at="2023-10-11T11:44:50 IST" duration-ms="45895">
      <class name="TestCases.TC_07_Onboarding_GenerateCredit">
        <test-method is-config="true" signature="setup(java.lang.String)[pri:0, instance:TestCases.TC_07_Onboarding_GenerateCredit@648c94da]" started-at="2023-10-11T11:44:04 IST" name="setup" finished-at="2023-10-11T11:44:18 IST" duration-ms="14135" status="PASS">
          <params>
            <param index="0">
              <value>
                <![CDATA[chrome]]>
              </value>
            </param>
          </params>
          <reporter-output>
          </reporter-output>
        </test-method> <!-- setup -->
        <test-method signature="test_ValidOnboarding_generateCredit()[pri:0, instance:TestCases.TC_07_Onboarding_GenerateCredit@648c94da]" started-at="2023-10-11T11:44:18 IST" name="test_ValidOnboarding_generateCredit" finished-at="2023-10-11T11:44:50 IST" duration-ms="31626" status="PASS">
          <reporter-output>
          </reporter-output>
        </test-method> <!-- test_ValidOnboarding_generateCredit -->
        <test-method is-config="true" signature="teardown()[pri:0, instance:TestCases.TC_07_Onboarding_GenerateCredit@648c94da]" started-at="2023-10-11T11:44:50 IST" name="teardown" finished-at="2023-10-11T11:44:50 IST" duration-ms="105" status="PASS">
          <reporter-output>
          </reporter-output>
        </test-method> <!-- teardown -->
      </class> <!-- TestCases.TC_07_Onboarding_GenerateCredit -->
    </test> <!-- Test -->
  </suite> <!-- Sign-in flow -->
</testng-results>
